<?xml version="1.0" encoding="UTF-8"?>
<testng-results ignored="0" total="1" passed="1" failed="0" skipped="0">
  <reporter-output>
  </reporter-output>
  <suite started-at="2023-08-19T17:35:55 EDT" name="Default suite" finished-at="2023-08-19T17:36:20 EDT" duration-ms="25035">
    <groups>
      <group name="cucumber">
        <method signature="AbstractTestNGCucumberTests.feature(cucumber.api.testng.CucumberFeatureWrapper)[pri:0, instance:testRunner_project7.TestRunner_project7@231f98ef]" name="feature" class="cucumber.api.testng.AbstractTestNGCucumberTests"/>
      </group> <!-- cucumber -->
    </groups>
    <test started-at="2023-08-19T17:35:55 EDT" name="Default test" finished-at="2023-08-19T17:36:20 EDT" duration-ms="25035">
      <class name="testRunner_project7.TestRunner_project7">
        <test-method is-config="true" signature="project7Setup()[pri:0, instance:testRunner_project7.TestRunner_project7@231f98ef]" started-at="2023-08-19T17:35:55 EDT" name="project7Setup" finished-at="2023-08-19T17:36:12 EDT" duration-ms="17320" status="PASS">
          <reporter-output>
          </reporter-output>
        </test-method> <!-- project7Setup -->
        <test-method is-config="true" signature="setUpClass()[pri:0, instance:testRunner_project7.TestRunner_project7@231f98ef]" started-at="2023-08-19T17:36:12 EDT" name="setUpClass" finished-at="2023-08-19T17:36:12 EDT" duration-ms="221" status="PASS">
          <reporter-output>
          </reporter-output>
        </test-method> <!-- setUpClass -->
        <test-method signature="feature(cucumber.api.testng.CucumberFeatureWrapper)[pri:0, instance:testRunner_project7.TestRunner_project7@231f98ef]" started-at="2023-08-19T17:36:12 EDT" name="feature" description="Runs Cucumber Feature" data-provider="features" finished-at="2023-08-19T17:36:20 EDT" duration-ms="7256" status="PASS">
          <params>
            <param index="0">
              <value>
                <![CDATA[This feature is for signup functionality]]>
              </value>
            </param>
          </params>
          <reporter-output>
          </reporter-output>
        </test-method> <!-- feature -->
        <test-method is-config="true" signature="tearDownClass()[pri:0, instance:testRunner_project7.TestRunner_project7@231f98ef]" started-at="2023-08-19T17:36:20 EDT" name="tearDownClass" finished-at="2023-08-19T17:36:20 EDT" duration-ms="16" status="PASS">
          <reporter-output>
          </reporter-output>
        </test-method> <!-- tearDownClass -->
        <test-method is-config="true" signature="blazeClosureURL()[pri:0, instance:testRunner_project7.TestRunner_project7@231f98ef]" started-at="2023-08-19T17:36:20 EDT" name="blazeClosureURL" finished-at="2023-08-19T17:36:20 EDT" duration-ms="1" status="PASS">
          <reporter-output>
          </reporter-output>
        </test-method> <!-- blazeClosureURL -->
      </class> <!-- testRunner_project7.TestRunner_project7 -->
    </test> <!-- Default test -->
  </suite> <!-- Default suite -->
</testng-results>
